==========================================
Job ID: 22265416
Job Name: fetch_hg38_coords
Node: c0540
Start Time: Tue Nov 18 02:46:06 PM EST 2025
Working Directory: /proj/raulab/users/brian/packrat
==========================================

R version:
R version 4.4.0 (2024-04-24) -- "Puppy Cup"

Checking/Installing biomaRt package...
biomaRt version: 2.62.1 
data.table version: 1.17.8 

==========================================
Fetching human hg38 gene coordinates...
==========================================

========================================
Fetching gene coordinates from Ensembl
========================================
Species: Homo sapiens 
Genome assembly: hg38 ( GRCh38 )
Dataset: hsapiens_gene_ensembl 
Host: https://www.ensembl.org 
========================================

Clearing BiocFileCache to avoid corruption issues...
Connecting to Ensembl Biomart...
Connection established!

Querying Biomart for gene coordinates...
This may take several minutes...

Query completed in 5.86 seconds
Retrieved 86371 gene entries

Filtering for standard chromosomes...
Genes on standard chromosomes: 78693 

Filtering by gene biotype...
Genes after biotype filtering: 60160 
Biotypes included: protein_coding, lncRNA, miRNA, snRNA, snoRNA, IG_V_gene, rRNA, IG_J_gene, IG_C_gene, TR_J_gene, TR_V_gene, TR_D_gene, TR_C_gene, IG_D_gene 

Removing entries without gene symbols...
Genes with valid symbols: 29988 

Removing duplicate entries...
Duplicates removed: 2 
Final gene count: 29986 

Saving results to: /proj/raulab/users/brian/packrat/scripts/biomart/human_coords_hg38.csv 

========================================
Summary Statistics
========================================
Total genes: 29986 
Unique chromosomes: 25 
Chromosomes: 1, 10, 11, 12, 13, 14, 15, 16, 17, 18, 19, 2, 20, 21, 22, 3, 4, 5, 6, 7, 8, 9, MT, X, Y 
Genes on plus strand: 15283 
Genes on minus strand: 14703 

First 5 entries:
   gene_symbol      ensembl_id    chr start   end strand
        <char>          <char> <char> <int> <int> <char>
1:      WASH7P ENSG00000310526      1 14356 30744      -
2:   MIR6859-1 ENSG00000278267      1 17369 17436      -
3: MIR1302-2HG ENSG00000243485      1 28589 31109      +
4:   MIR1302-2 ENSG00000284332      1 30366 30503      +
5:     FAM138A ENSG00000237613      1 34553 37595      -

========================================
Gene coordinate file created successfully!
Output: /proj/raulab/users/brian/packrat/scripts/biomart/human_coords_hg38.csv 
========================================


Successfully generated human_coords_hg38.csv
Moved file to: /proj/raulab/users/brian/packrat/inst/extdata/human_coords_hg38.csv

File statistics:
29987 /proj/raulab/users/brian/packrat/inst/extdata/human_coords_hg38.csv

First 5 lines:
gene_symbol,ensembl_id,chr,start,end,strand
WASH7P,ENSG00000310526,1,14356,30744,-
MIR6859-1,ENSG00000278267,1,17369,17436,-
MIR1302-2HG,ENSG00000243485,1,28589,31109,+
MIR1302-2,ENSG00000284332,1,30366,30503,+

==========================================
Job completed at: Tue Nov 18 02:46:25 PM EST 2025
==========================================
